# JRE version: OpenJDK Runtime Environment OpenLogic-OpenJDK (17.0.12+7) (build 17.0.12+7-adhoc..jdk17u)
# Java VM: OpenJDK 64-Bit Server VM OpenLogic-OpenJDK (17.0.12+7-adhoc..jdk17u, mixed mode, sharing, tiered, compressed oops, compressed class ptrs, g1 gc, windows-amd64)
GC Precious Log:
 CPUs: 4 total, 4 available
 Memory: 8082M
 Large Page Support: Disabled
 NUMA Support: Disabled
 Compressed Oops: Enabled (32-bit)
 Heap Region Size: 1M
 Heap Min Capacity: 8M
 Heap Initial Capacity: 128M
 Heap Max Capacity: 2022M
 Pre-touch: Disabled
 Parallel Workers: 4
 Concurrent Workers: 1
 Concurrent Refinement Workers: 4
 Periodic GC: Disabled
Heap:
 garbage-first heap   total 76800K, used 57676K [0x0000000081a00000, 0x0000000100000000)
  region size 1024K, 10 young (10240K), 1 survivors (1024K)
 Metaspace       used 47360K, committed 47616K, reserved 1114112K
  class space    used 5701K, committed 5824K, reserved 1048576K
GC Heap History (20 events):
Event: 4.462 GC heap before
{Heap before GC invocations=5 (full 0):
 garbage-first heap   total 68608K, used 22170K [0x0000000081a00000, 0x0000000100000000)
  region size 1024K, 4 young (4096K), 3 survivors (3072K)
 Metaspace       used 27525K, committed 27712K, reserved 1114112K
  class space    used 3579K, committed 3648K, reserved 1048576K
}
Event: 4.470 GC heap after
{Heap after GC invocations=6 (full 0):
 garbage-first heap   total 68608K, used 21673K [0x0000000081a00000, 0x0000000100000000)
  region size 1024K, 1 young (1024K), 1 survivors (1024K)
 Metaspace       used 27525K, committed 27712K, reserved 1114112K
  class space    used 3579K, committed 3648K, reserved 1048576K
}
Event: 5.721 GC heap before
{Heap before GC invocations=6 (full 0):
 garbage-first heap   total 68608K, used 44201K [0x0000000081a00000, 0x0000000100000000)
  region size 1024K, 24 young (24576K), 1 survivors (1024K)
 Metaspace       used 33250K, committed 33536K, reserved 1114112K
  class space    used 4128K, committed 4288K, reserved 1048576K
}
Event: 5.726 GC heap after
{Heap after GC invocations=7 (full 0):
 garbage-first heap   total 68608K, used 23127K [0x0000000081a00000, 0x0000000100000000)
  region size 1024K, 3 young (3072K), 3 survivors (3072K)
 Metaspace       used 33250K, committed 33536K, reserved 1114112K
  class space    used 4128K, committed 4288K, reserved 1048576K
}
Event: 8.126 GC heap before
{Heap before GC invocations=7 (full 0):
 garbage-first heap   total 68608K, used 47703K [0x0000000081a00000, 0x0000000100000000)
  region size 1024K, 27 young (27648K), 3 survivors (3072K)
 Metaspace       used 34336K, committed 34560K, reserved 1114112K
  class space    used 4185K, committed 4288K, reserved 1048576K
}
Event: 8.141 GC heap after
{Heap after GC invocations=8 (full 0):
 garbage-first heap   total 68608K, used 29798K [0x0000000081a00000, 0x0000000100000000)
  region size 1024K, 4 young (4096K), 4 survivors (4096K)
 Metaspace       used 34336K, committed 34560K, reserved 1114112K
  class space    used 4185K, committed 4288K, reserved 1048576K
}
Event: 9.727 GC heap before
{Heap before GC invocations=8 (full 0):
 garbage-first heap   total 68608K, used 46182K [0x0000000081a00000, 0x0000000100000000)
  region size 1024K, 22 young (22528K), 4 survivors (4096K)
 Metaspace       used 35752K, committed 35968K, reserved 1114112K
  class space    used 4328K, committed 4480K, reserved 1048576K
}
Event: 9.743 GC heap after
{Heap after GC invocations=9 (full 0):
 garbage-first heap   total 68608K, used 34499K [0x0000000081a00000, 0x0000000100000000)
  region size 1024K, 3 young (3072K), 3 survivors (3072K)
 Metaspace       used 35752K, committed 35968K, reserved 1114112K
  class space    used 4328K, committed 4480K, reserved 1048576K
}
Event: 10.721 GC heap before
{Heap before GC invocations=10 (full 0):
 garbage-first heap   total 68608K, used 49859K [0x0000000081a00000, 0x0000000100000000)
  region size 1024K, 19 young (19456K), 3 survivors (3072K)
 Metaspace       used 37807K, committed 38016K, reserved 1114112K
  class space    used 4559K, committed 4672K, reserved 1048576K
}
Event: 10.728 GC heap after
{Heap after GC invocations=11 (full 0):
 garbage-first heap   total 68608K, used 36789K [0x0000000081a00000, 0x0000000100000000)
  region size 1024K, 2 young (2048K), 2 survivors (2048K)
 Metaspace       used 37807K, committed 38016K, reserved 1114112K
  class space    used 4559K, committed 4672K, reserved 1048576K
}
Event: 12.049 GC heap before
{Heap before GC invocations=11 (full 0):
 garbage-first heap   total 68608K, used 52149K [0x0000000081a00000, 0x0000000100000000)
  region size 1024K, 18 young (18432K), 2 survivors (2048K)
 Metaspace       used 40570K, committed 40896K, reserved 1114112K
  class space    used 4833K, committed 4992K, reserved 1048576K
}
Event: 12.058 GC heap after
{Heap after GC invocations=12 (full 0):
 garbage-first heap   total 68608K, used 39885K [0x0000000081a00000, 0x0000000100000000)
  region size 1024K, 3 young (3072K), 3 survivors (3072K)
 Metaspace       used 40570K, committed 40896K, reserved 1114112K
  class space    used 4833K, committed 4992K, reserved 1048576K
}
Event: 13.065 GC heap before
{Heap before GC invocations=13 (full 0):
 garbage-first heap   total 70656K, used 52173K [0x0000000081a00000, 0x0000000100000000)
  region size 1024K, 16 young (16384K), 3 survivors (3072K)
 Metaspace       used 44301K, committed 44544K, reserved 1114112K
  class space    used 5310K, committed 5440K, reserved 1048576K
}
Event: 13.071 GC heap after
{Heap after GC invocations=14 (full 0):
 garbage-first heap   total 70656K, used 41322K [0x0000000081a00000, 0x0000000100000000)
  region size 1024K, 2 young (2048K), 2 survivors (2048K)
 Metaspace       used 44301K, committed 44544K, reserved 1114112K
  class space    used 5310K, committed 5440K, reserved 1048576K
}
Event: 14.198 GC heap before
{Heap before GC invocations=14 (full 0):
 garbage-first heap   total 70656K, used 54634K [0x0000000081a00000, 0x0000000100000000)
  region size 1024K, 15 young (15360K), 2 survivors (2048K)
 Metaspace       used 47135K, committed 47360K, reserved 1114112K
  class space    used 5691K, committed 5824K, reserved 1048576K
}
Event: 14.205 GC heap after
{Heap after GC invocations=15 (full 0):
 garbage-first heap   total 70656K, used 43544K [0x0000000081a00000, 0x0000000100000000)
  region size 1024K, 2 young (2048K), 2 survivors (2048K)
 Metaspace       used 47135K, committed 47360K, reserved 1114112K
  class space    used 5691K, committed 5824K, reserved 1048576K
}
Event: 14.864 GC heap before
{Heap before GC invocations=16 (full 0):
 garbage-first heap   total 76800K, used 54808K [0x0000000081a00000, 0x0000000100000000)
  region size 1024K, 14 young (14336K), 2 survivors (2048K)
 Metaspace       used 47329K, committed 47616K, reserved 1114112K
  class space    used 5701K, committed 5824K, reserved 1048576K
}
Event: 14.872 GC heap after
{Heap after GC invocations=17 (full 0):
 garbage-first heap   total 76800K, used 47294K [0x0000000081a00000, 0x0000000100000000)
  region size 1024K, 2 young (2048K), 2 survivors (2048K)
 Metaspace       used 47329K, committed 47616K, reserved 1114112K
  class space    used 5701K, committed 5824K, reserved 1048576K
}
Event: 14.892 GC heap before
{Heap before GC invocations=17 (full 0):
 garbage-first heap   total 76800K, used 48318K [0x0000000081a00000, 0x0000000100000000)
  region size 1024K, 4 young (4096K), 2 survivors (2048K)
 Metaspace       used 47343K, committed 47616K, reserved 1114112K
  class space    used 5701K, committed 5824K, reserved 1048576K
}
Event: 14.897 GC heap after
{Heap after GC invocations=18 (full 0):
 garbage-first heap   total 76800K, used 48460K [0x0000000081a00000, 0x0000000100000000)
  region size 1024K, 1 young (1024K), 1 survivors (1024K)
 Metaspace       used 47343K, committed 47616K, reserved 1114112K
  class space    used 5701K, committed 5824K, reserved 1048576K
}

