# JRE version: OpenJDK Runtime Environment OpenLogic-OpenJDK (17.0.12+7) (build 17.0.12+7-adhoc..jdk17u)
# Java VM: OpenJDK 64-Bit Server VM OpenLogic-OpenJDK (17.0.12+7-adhoc..jdk17u, mixed mode, sharing, tiered, compressed oops, compressed class ptrs, g1 gc, windows-amd64)
GC Precious Log:
 CPUs: 4 total, 4 available
 Memory: 8082M
 Large Page Support: Disabled
 NUMA Support: Disabled
 Compressed Oops: Enabled (32-bit)
 Heap Region Size: 1M
 Heap Min Capacity: 8M
 Heap Initial Capacity: 128M
 Heap Max Capacity: 2022M
 Pre-touch: Disabled
 Parallel Workers: 4
 Concurrent Workers: 1
 Concurrent Refinement Workers: 4
 Periodic GC: Disabled
Heap:
 garbage-first heap   total 128000K, used 66408K [0x0000000081a00000, 0x0000000100000000)
  region size 1024K, 5 young (5120K), 1 survivors (1024K)
 Metaspace       used 58689K, committed 58944K, reserved 1114112K
  class space    used 6858K, committed 6976K, reserved 1048576K
GC Heap History (20 events):
Event: 16.685 GC heap before
{Heap before GC invocations=19 (full 0):
 garbage-first heap   total 78848K, used 55994K [0x0000000081a00000, 0x0000000100000000)
  region size 1024K, 13 young (13312K), 2 survivors (2048K)
 Metaspace       used 52607K, committed 52864K, reserved 1114112K
  class space    used 6415K, committed 6528K, reserved 1048576K
}
Event: 16.693 GC heap after
{Heap after GC invocations=20 (full 0):
 garbage-first heap   total 78848K, used 47053K [0x0000000081a00000, 0x0000000100000000)
  region size 1024K, 2 young (2048K), 2 survivors (2048K)
 Metaspace       used 52607K, committed 52864K, reserved 1114112K
  class space    used 6415K, committed 6528K, reserved 1048576K
}
Event: 17.944 GC heap before
{Heap before GC invocations=20 (full 0):
 garbage-first heap   total 78848K, used 60365K [0x0000000081a00000, 0x0000000100000000)
  region size 1024K, 15 young (15360K), 2 survivors (2048K)
 Metaspace       used 53650K, committed 53952K, reserved 1114112K
  class space    used 6473K, committed 6592K, reserved 1048576K
}
Event: 17.954 GC heap after
{Heap after GC invocations=21 (full 0):
 garbage-first heap   total 78848K, used 49540K [0x0000000081a00000, 0x0000000100000000)
  region size 1024K, 2 young (2048K), 2 survivors (2048K)
 Metaspace       used 53650K, committed 53952K, reserved 1114112K
  class space    used 6473K, committed 6592K, reserved 1048576K
}
Event: 18.633 GC heap before
{Heap before GC invocations=22 (full 0):
 garbage-first heap   total 86016K, used 60804K [0x0000000081a00000, 0x0000000100000000)
  region size 1024K, 14 young (14336K), 2 survivors (2048K)
 Metaspace       used 54030K, committed 54272K, reserved 1114112K
  class space    used 6492K, committed 6592K, reserved 1048576K
}
Event: 18.643 GC heap after
{Heap after GC invocations=23 (full 0):
 garbage-first heap   total 86016K, used 52608K [0x0000000081a00000, 0x0000000100000000)
  region size 1024K, 2 young (2048K), 2 survivors (2048K)
 Metaspace       used 54030K, committed 54272K, reserved 1114112K
  class space    used 6492K, committed 6592K, reserved 1048576K
}
Event: 18.706 GC heap before
{Heap before GC invocations=23 (full 0):
 garbage-first heap   total 86016K, used 54656K [0x0000000081a00000, 0x0000000100000000)
  region size 1024K, 4 young (4096K), 2 survivors (2048K)
 Metaspace       used 54034K, committed 54272K, reserved 1114112K
  class space    used 6492K, committed 6592K, reserved 1048576K
}
Event: 18.712 GC heap after
{Heap after GC invocations=24 (full 0):
 garbage-first heap   total 86016K, used 53240K [0x0000000081a00000, 0x0000000100000000)
  region size 1024K, 1 young (1024K), 1 survivors (1024K)
 Metaspace       used 54034K, committed 54272K, reserved 1114112K
  class space    used 6492K, committed 6592K, reserved 1048576K
}
Event: 19.825 GC heap before
{Heap before GC invocations=24 (full 0):
 garbage-first heap   total 86016K, used 66552K [0x0000000081a00000, 0x0000000100000000)
  region size 1024K, 14 young (14336K), 1 survivors (1024K)
 Metaspace       used 54536K, committed 54848K, reserved 1114112K
  class space    used 6501K, committed 6656K, reserved 1048576K
}
Event: 19.831 GC heap after
{Heap after GC invocations=25 (full 0):
 garbage-first heap   total 86016K, used 55010K [0x0000000081a00000, 0x0000000100000000)
  region size 1024K, 2 young (2048K), 2 survivors (2048K)
 Metaspace       used 54536K, committed 54848K, reserved 1114112K
  class space    used 6501K, committed 6656K, reserved 1048576K
}
Event: 20.706 GC heap before
{Heap before GC invocations=26 (full 0):
 garbage-first heap   total 94208K, used 65250K [0x0000000081a00000, 0x0000000100000000)
  region size 1024K, 14 young (14336K), 2 survivors (2048K)
 Metaspace       used 57172K, committed 57472K, reserved 1114112K
  class space    used 6759K, committed 6912K, reserved 1048576K
}
Event: 20.712 GC heap after
{Heap after GC invocations=27 (full 0):
 garbage-first heap   total 94208K, used 55067K [0x0000000081a00000, 0x0000000100000000)
  region size 1024K, 1 young (1024K), 1 survivors (1024K)
 Metaspace       used 57172K, committed 57472K, reserved 1114112K
  class space    used 6759K, committed 6912K, reserved 1048576K
}
Event: 21.320 GC heap before
{Heap before GC invocations=27 (full 0):
 garbage-first heap   total 94208K, used 58139K [0x0000000081a00000, 0x0000000100000000)
  region size 1024K, 4 young (4096K), 1 survivors (1024K)
 Metaspace       used 57636K, committed 57920K, reserved 1114112K
  class space    used 6769K, committed 6912K, reserved 1048576K
}
Event: 21.324 GC heap after
{Heap after GC invocations=28 (full 0):
 garbage-first heap   total 94208K, used 55334K [0x0000000081a00000, 0x0000000100000000)
  region size 1024K, 1 young (1024K), 1 survivors (1024K)
 Metaspace       used 57636K, committed 57920K, reserved 1114112K
  class space    used 6769K, committed 6912K, reserved 1048576K
}
Event: 22.332 GC heap before
{Heap before GC invocations=28 (full 0):
 garbage-first heap   total 94208K, used 74790K [0x0000000081a00000, 0x0000000100000000)
  region size 1024K, 20 young (20480K), 1 survivors (1024K)
 Metaspace       used 58505K, committed 58752K, reserved 1114112K
  class space    used 6857K, committed 6976K, reserved 1048576K
}
Event: 22.341 GC heap after
{Heap after GC invocations=29 (full 0):
 garbage-first heap   total 94208K, used 59378K [0x0000000081a00000, 0x0000000100000000)
  region size 1024K, 3 young (3072K), 3 survivors (3072K)
 Metaspace       used 58505K, committed 58752K, reserved 1114112K
  class space    used 6857K, committed 6976K, reserved 1048576K
}
Event: 23.033 GC heap before
{Heap before GC invocations=30 (full 0):
 garbage-first heap   total 106496K, used 74738K [0x0000000081a00000, 0x0000000100000000)
  region size 1024K, 18 young (18432K), 3 survivors (3072K)
 Metaspace       used 58601K, committed 58880K, reserved 1114112K
  class space    used 6858K, committed 6976K, reserved 1048576K
}
Event: 23.045 GC heap after
{Heap after GC invocations=31 (full 0):
 garbage-first heap   total 106496K, used 63123K [0x0000000081a00000, 0x0000000100000000)
  region size 1024K, 3 young (3072K), 3 survivors (3072K)
 Metaspace       used 58601K, committed 58880K, reserved 1114112K
  class space    used 6858K, committed 6976K, reserved 1048576K
}
Event: 23.181 GC heap before
{Heap before GC invocations=31 (full 0):
 garbage-first heap   total 106496K, used 65171K [0x0000000081a00000, 0x0000000100000000)
  region size 1024K, 5 young (5120K), 3 survivors (3072K)
 Metaspace       used 58643K, committed 58944K, reserved 1114112K
  class space    used 6858K, committed 6976K, reserved 1048576K
}
Event: 23.187 GC heap after
{Heap after GC invocations=32 (full 0):
 garbage-first heap   total 128000K, used 63336K [0x0000000081a00000, 0x0000000100000000)
  region size 1024K, 1 young (1024K), 1 survivors (1024K)
 Metaspace       used 58643K, committed 58944K, reserved 1114112K
  class space    used 6858K, committed 6976K, reserved 1048576K
}

